app/build/intermediates/manifest_merge_blame_file/release/manifest-merger-blame-release-report.txt
1<?xml version="1.0" encoding="utf-8"?>
2<manifest xmlns:android="http://schemas.android.com/apk/res/android"
3    package="com.jungyoonsung.startingpoint"
4    android:versionCode="13"
5    android:versionName="10.0.0" >
6
7    <uses-sdk
8        android:minSdkVersion="23"
8-->src\main\AndroidManifest.xml
9        android:targetSdkVersion="32" />
9-->src\main\AndroidManifest.xml
10
11    <uses-permission android:name="android.permission.INTERNET" />
11-->src\main\AndroidManifest.xml:5:5-67
11-->src\main\AndroidManifest.xml:5:22-64
12
13    <application
13-->src\main\AndroidManifest.xml:7:5-36:19
14        android:allowBackup="true"
14-->src\main\AndroidManifest.xml:8:9-35
15        android:appComponentFactory="androidx.core.app.CoreComponentFactory"
15-->[androidx.core:core:1.1.0] AndroidManifest.xml:24:18-86
16        android:extractNativeLibs="false"
17        android:icon="@mipmap/icon"
17-->src\main\AndroidManifest.xml:9:9-36
18        android:label="@string/app_name"
18-->src\main\AndroidManifest.xml:10:9-41
19        android:roundIcon="@mipmap/icon_round"
19-->src\main\AndroidManifest.xml:11:9-47
20        android:supportsRtl="true"
20-->src\main\AndroidManifest.xml:12:9-35
21        android:theme="@style/AppTheme" >
21-->src\main\AndroidManifest.xml:13:9-40
22        <activity android:name="com.jungyoonsung.startingpoint.SchoolSettings.SchoolSettings" />
22-->src\main\AndroidManifest.xml:14:9-67
22-->src\main\AndroidManifest.xml:14:19-64
23        <activity
23-->src\main\AndroidManifest.xml:15:9-22:20
24            android:name="com.jungyoonsung.startingpoint.MainActivity"
24-->src\main\AndroidManifest.xml:15:19-47
25            android:exported="true" >
25-->src\main\AndroidManifest.xml:16:13-36
26            <intent-filter>
26-->src\main\AndroidManifest.xml:17:13-21:29
27                <action android:name="android.intent.action.MAIN" />
27-->src\main\AndroidManifest.xml:18:17-69
27-->src\main\AndroidManifest.xml:18:25-66
28
29                <category android:name="android.intent.category.LAUNCHER" />
29-->src\main\AndroidManifest.xml:20:17-77
29-->src\main\AndroidManifest.xml:20:27-74
30            </intent-filter>
31        </activity>
32
33        <provider
33-->src\main\AndroidManifest.xml:24:9-35:20
34            android:name="androidx.core.content.FileProvider"
34-->src\main\AndroidManifest.xml:25:13-62
35            android:authorities="com.jungyoonsung.startingpoint.provider"
35-->src\main\AndroidManifest.xml:26:13-74
36            android:exported="false"
36-->src\main\AndroidManifest.xml:27:13-37
37            android:grantUriPermissions="true" >
37-->src\main\AndroidManifest.xml:28:13-47
38
39            <!-- ressource file to create -->
40            <meta-data
40-->src\main\AndroidManifest.xml:31:13-34:25
41                android:name="android.support.FILE_PROVIDER_PATHS"
41-->src\main\AndroidManifest.xml:32:17-67
42                android:resource="@xml/path" >
42-->src\main\AndroidManifest.xml:33:17-45
43            </meta-data>
44        </provider>
45        <provider
45-->[androidx.lifecycle:lifecycle-process:2.0.0] AndroidManifest.xml:23:9-27:43
46            android:name="androidx.lifecycle.ProcessLifecycleOwnerInitializer"
46-->[androidx.lifecycle:lifecycle-process:2.0.0] AndroidManifest.xml:24:13-79
47            android:authorities="com.jungyoonsung.startingpoint.lifecycle-process"
47-->[androidx.lifecycle:lifecycle-process:2.0.0] AndroidManifest.xml:25:13-69
48            android:exported="false"
48-->[androidx.lifecycle:lifecycle-process:2.0.0] AndroidManifest.xml:26:13-37
49            android:multiprocess="true" />
49-->[androidx.lifecycle:lifecycle-process:2.0.0] AndroidManifest.xml:27:13-40
50    </application>
51
52</manifest>